<?xml version="1.0" encoding="UTF-8"?>
<!-- Generated by org.testng.reporters.JUnitReportReporter -->
<testsuite skipped="0" hostname="WIN-GEDESCREUP8" name="test.selenium_Jenkins_Integration" tests="1" failures="0" timestamp="24 Feb 2018 04:24:45 GMT" time="10.264" errors="0">
  <testcase name="test" time="10.264" classname="test.selenium_Jenkins_Integration"/>
</testsuite> <!-- test.selenium_Jenkins_Integration -->
